2025-01-11T15:07:05.833+03:00  INFO 92760 --- [courier-tracking] [restartedMain] c.m.c.CourierTrackingApplication         : Starting CourierTrackingApplication using Java 21.0.5 with PID 92760 (C:\Dev\Spring Boot Applications\courier-tracking\courier-tracking\target\classes started by ural_ in C:\Dev\Spring Boot Applications\courier-tracking\courier-tracking)
2025-01-11T15:07:05.837+03:00  INFO 92760 --- [courier-tracking] [restartedMain] c.m.c.CourierTrackingApplication         : No active profile set, falling back to 1 default profile: "default"
2025-01-11T15:07:05.922+03:00  INFO 92760 --- [courier-tracking] [restartedMain] .e.DevToolsPropertyDefaultsPostProcessor : Devtools property defaults active! Set 'spring.devtools.add-properties' to 'false' to disable
2025-01-11T15:07:05.923+03:00  INFO 92760 --- [courier-tracking] [restartedMain] .e.DevToolsPropertyDefaultsPostProcessor : For additional web related logging consider setting the 'logging.level.web' property to 'DEBUG'
2025-01-11T15:07:07.824+03:00  INFO 92760 --- [courier-tracking] [restartedMain] o.s.b.w.embedded.tomcat.TomcatWebServer  : Tomcat initialized with port 8080 (http)
2025-01-11T15:07:07.853+03:00  INFO 92760 --- [courier-tracking] [restartedMain] o.apache.catalina.core.StandardService   : Starting service [Tomcat]
2025-01-11T15:07:07.853+03:00  INFO 92760 --- [courier-tracking] [restartedMain] o.apache.catalina.core.StandardEngine    : Starting Servlet engine: [Apache Tomcat/10.1.34]
2025-01-11T15:07:07.938+03:00  INFO 92760 --- [courier-tracking] [restartedMain] o.a.c.c.C.[Tomcat].[localhost].[/]       : Initializing Spring embedded WebApplicationContext
2025-01-11T15:07:07.939+03:00  INFO 92760 --- [courier-tracking] [restartedMain] w.s.c.ServletWebServerApplicationContext : Root WebApplicationContext: initialization completed in 2014 ms
2025-01-11T15:07:08.326+03:00  INFO 92760 --- [courier-tracking] [restartedMain] o.s.v.b.OptionalValidatorFactoryBean     : Failed to set up a Bean Validation provider: jakarta.validation.NoProviderFoundException: Unable to create a Configuration, because no Jakarta Bean Validation provider could be found. Add a provider like Hibernate Validator (RI) to your classpath.
2025-01-11T15:07:08.852+03:00  INFO 92760 --- [courier-tracking] [restartedMain] o.s.b.d.a.OptionalLiveReloadServer       : LiveReload server is running on port 35729
2025-01-11T15:07:08.904+03:00  INFO 92760 --- [courier-tracking] [restartedMain] o.s.b.w.embedded.tomcat.TomcatWebServer  : Tomcat started on port 8080 (http) with context path '/'
2025-01-11T15:07:08.917+03:00  INFO 92760 --- [courier-tracking] [restartedMain] c.m.c.CourierTrackingApplication         : Started CourierTrackingApplication in 3.974 seconds (process running for 4.933)
2025-01-11T15:07:09.722+03:00  INFO 92760 --- [courier-tracking] [WebSocketClient-AsyncIO-8] m.c.c.s.i.CourierDataListenerServiceImpl : Courier 4 close to Ataşehir MMM Migros with the distance7.128157119729821
2025-01-11T15:07:09.723+03:00  INFO 92760 --- [courier-tracking] [WebSocketClient-AsyncIO-8] m.c.c.s.i.CourierDataListenerServiceImpl : Courier 4 close to Novada MMM Migros with the distance6.182338242049842
2025-01-11T15:07:09.723+03:00  INFO 92760 --- [courier-tracking] [WebSocketClient-AsyncIO-8] m.c.c.s.i.CourierDataListenerServiceImpl : Courier 4 close to Beylikdüzü 5M Migros with the distance33.64399268349414
2025-01-11T15:07:09.724+03:00  INFO 92760 --- [courier-tracking] [WebSocketClient-AsyncIO-8] m.c.c.s.i.CourierDataListenerServiceImpl : Courier 4 close to Ortaköy MMM Migros with the distance10.961498941086719
2025-01-11T15:07:09.724+03:00  INFO 92760 --- [courier-tracking] [WebSocketClient-AsyncIO-8] m.c.c.s.i.CourierDataListenerServiceImpl : Courier 4 close to Caddebostan MMM Migros with the distance1.0663773144504871
2025-01-11T15:07:09.724+03:00  INFO 92760 --- [courier-tracking] [WebSocketClient-AsyncIO-8] m.c.c.s.i.CourierDataListenerServiceImpl : Received message: {"time":"11/01/2025 15:07:09","courierId":4,"lat":40.95986981154245,"lng":29.051204269503728}
2025-01-11T15:07:10.639+03:00  INFO 92760 --- [courier-tracking] [WebSocketClient-AsyncIO-8] m.c.c.s.i.CourierDataListenerServiceImpl : Courier 3 close to Ataşehir MMM Migros with the distance9.210117302102063
2025-01-11T15:07:10.639+03:00  INFO 92760 --- [courier-tracking] [WebSocketClient-AsyncIO-8] m.c.c.s.i.CourierDataListenerServiceImpl : Courier 3 close to Novada MMM Migros with the distance8.344100530512305
2025-01-11T15:07:10.640+03:00  INFO 92760 --- [courier-tracking] [WebSocketClient-AsyncIO-8] m.c.c.s.i.CourierDataListenerServiceImpl : Courier 3 close to Beylikdüzü 5M Migros with the distance30.96296197448478
2025-01-11T15:07:10.640+03:00  INFO 92760 --- [courier-tracking] [WebSocketClient-AsyncIO-8] m.c.c.s.i.CourierDataListenerServiceImpl : Courier 3 close to Ortaköy MMM Migros with the distance9.940135319903877
2025-01-11T15:07:10.640+03:00  INFO 92760 --- [courier-tracking] [WebSocketClient-AsyncIO-8] m.c.c.s.i.CourierDataListenerServiceImpl : Courier 3 close to Caddebostan MMM Migros with the distance3.6159712511169984
2025-01-11T15:07:10.640+03:00  INFO 92760 --- [courier-tracking] [WebSocketClient-AsyncIO-8] m.c.c.s.i.CourierDataListenerServiceImpl : Received message: {"time":"11/01/2025 15:07:10","courierId":3,"lat":40.96639126352258,"lng":29.020227270155026}
2025-01-11T15:07:11.639+03:00  INFO 92760 --- [courier-tracking] [WebSocketClient-AsyncIO-8] m.c.c.s.i.CourierDataListenerServiceImpl : Courier 3 close to Ataşehir MMM Migros with the distance9.684099871593846
2025-01-11T15:07:11.640+03:00  INFO 92760 --- [courier-tracking] [WebSocketClient-AsyncIO-8] m.c.c.s.i.CourierDataListenerServiceImpl : Courier 3 close to Novada MMM Migros with the distance10.449333100358283
2025-01-11T15:07:11.640+03:00  INFO 92760 --- [courier-tracking] [WebSocketClient-AsyncIO-8] m.c.c.s.i.CourierDataListenerServiceImpl : Courier 3 close to Beylikdüzü 5M Migros with the distance40.9270074116076
2025-01-11T15:07:11.640+03:00  INFO 92760 --- [courier-tracking] [WebSocketClient-AsyncIO-8] m.c.c.s.i.CourierDataListenerServiceImpl : Courier 3 close to Ortaköy MMM Migros with the distance9.795175542129494
2025-01-11T15:07:11.640+03:00  INFO 92760 --- [courier-tracking] [WebSocketClient-AsyncIO-8] m.c.c.s.i.CourierDataListenerServiceImpl : Courier 3 close to Caddebostan MMM Migros with the distance14.182693210696721
2025-01-11T15:07:11.641+03:00  INFO 92760 --- [courier-tracking] [WebSocketClient-AsyncIO-8] m.c.c.s.i.CourierDataListenerServiceImpl : Received message: {"time":"11/01/2025 15:07:11","courierId":3,"lat":41.07914110403662,"lng":29.1336870384398}
2025-01-11T15:07:12.653+03:00  INFO 92760 --- [courier-tracking] [WebSocketClient-AsyncIO-8] m.c.c.s.i.CourierDataListenerServiceImpl : Courier 3 close to Ataşehir MMM Migros with the distance1.841590864800069
2025-01-11T15:07:12.654+03:00  INFO 92760 --- [courier-tracking] [WebSocketClient-AsyncIO-8] m.c.c.s.i.CourierDataListenerServiceImpl : Courier 3 close to Novada MMM Migros with the distance2.571116800895484
2025-01-11T15:07:12.654+03:00  INFO 92760 --- [courier-tracking] [WebSocketClient-AsyncIO-8] m.c.c.s.i.CourierDataListenerServiceImpl : Courier 3 close to Beylikdüzü 5M Migros with the distance41.244613330775486
2025-01-11T15:07:12.654+03:00  INFO 92760 --- [courier-tracking] [WebSocketClient-AsyncIO-8] m.c.c.s.i.CourierDataListenerServiceImpl : Courier 3 close to Ortaköy MMM Migros with the distance12.77109987174022
2025-01-11T15:07:12.654+03:00  INFO 92760 --- [courier-tracking] [WebSocketClient-AsyncIO-8] m.c.c.s.i.CourierDataListenerServiceImpl : Courier 3 close to Caddebostan MMM Migros with the distance7.605325653825309
2025-01-11T15:07:12.655+03:00  INFO 92760 --- [courier-tracking] [WebSocketClient-AsyncIO-8] m.c.c.s.i.CourierDataListenerServiceImpl : Received message: {"time":"11/01/2025 15:07:12","courierId":3,"lat":40.99043380392853,"lng":29.146220272025353}
2025-01-11T15:07:13.667+03:00  INFO 92760 --- [courier-tracking] [WebSocketClient-AsyncIO-8] m.c.c.s.i.CourierDataListenerServiceImpl : Courier 4 close to Ataşehir MMM Migros with the distance8.24980950466673
2025-01-11T15:07:13.667+03:00  INFO 92760 --- [courier-tracking] [WebSocketClient-AsyncIO-8] m.c.c.s.i.CourierDataListenerServiceImpl : Courier 4 close to Novada MMM Migros with the distance9.078673297787004
2025-01-11T15:07:13.667+03:00  INFO 92760 --- [courier-tracking] [WebSocketClient-AsyncIO-8] m.c.c.s.i.CourierDataListenerServiceImpl : Courier 4 close to Beylikdüzü 5M Migros with the distance41.439523443091275
2025-01-11T15:07:13.668+03:00  INFO 92760 --- [courier-tracking] [WebSocketClient-AsyncIO-8] m.c.c.s.i.CourierDataListenerServiceImpl : Courier 4 close to Ortaköy MMM Migros with the distance10.293995609194203
2025-01-11T15:07:13.668+03:00  INFO 92760 --- [courier-tracking] [WebSocketClient-AsyncIO-8] m.c.c.s.i.CourierDataListenerServiceImpl : Courier 4 close to Caddebostan MMM Migros with the distance13.17471339113613
2025-01-11T15:07:13.668+03:00  INFO 92760 --- [courier-tracking] [WebSocketClient-AsyncIO-8] m.c.c.s.i.CourierDataListenerServiceImpl : Received message: {"time":"11/01/2025 15:07:13","courierId":4,"lat":41.065161939554045,"lng":29.143174787817596}
2025-01-11T15:07:14.669+03:00  INFO 92760 --- [courier-tracking] [WebSocketClient-AsyncIO-8] m.c.c.s.i.CourierDataListenerServiceImpl : Courier 1 close to Ataşehir MMM Migros with the distance5.447711191835593
2025-01-11T15:07:14.669+03:00  INFO 92760 --- [courier-tracking] [WebSocketClient-AsyncIO-8] m.c.c.s.i.CourierDataListenerServiceImpl : Courier 1 close to Novada MMM Migros with the distance5.354594848159684
2025-01-11T15:07:14.669+03:00  INFO 92760 --- [courier-tracking] [WebSocketClient-AsyncIO-8] m.c.c.s.i.CourierDataListenerServiceImpl : Courier 1 close to Beylikdüzü 5M Migros with the distance42.88606339384901
2025-01-11T15:07:14.670+03:00  INFO 92760 --- [courier-tracking] [WebSocketClient-AsyncIO-8] m.c.c.s.i.CourierDataListenerServiceImpl : Courier 1 close to Ortaköy MMM Migros with the distance16.47494405197953
2025-01-11T15:07:14.670+03:00  INFO 92760 --- [courier-tracking] [WebSocketClient-AsyncIO-8] m.c.c.s.i.CourierDataListenerServiceImpl : Courier 1 close to Caddebostan MMM Migros with the distance8.31165625646702
2025-01-11T15:07:14.670+03:00  INFO 92760 --- [courier-tracking] [WebSocketClient-AsyncIO-8] m.c.c.s.i.CourierDataListenerServiceImpl : Received message: {"time":"11/01/2025 15:07:14","courierId":1,"lat":40.951815195916076,"lng":29.160905568212726}
2025-01-11T15:07:15.678+03:00  INFO 92760 --- [courier-tracking] [WebSocketClient-AsyncIO-8] m.c.c.s.i.CourierDataListenerServiceImpl : Courier 1 close to Ataşehir MMM Migros with the distance8.419745899893572
2025-01-11T15:07:15.679+03:00  INFO 92760 --- [courier-tracking] [WebSocketClient-AsyncIO-8] m.c.c.s.i.CourierDataListenerServiceImpl : Courier 1 close to Novada MMM Migros with the distance8.149789787754184
2025-01-11T15:07:15.679+03:00  INFO 92760 --- [courier-tracking] [WebSocketClient-AsyncIO-8] m.c.c.s.i.CourierDataListenerServiceImpl : Courier 1 close to Beylikdüzü 5M Migros with the distance44.00556193462072
2025-01-11T15:07:15.679+03:00  INFO 92760 --- [courier-tracking] [WebSocketClient-AsyncIO-8] m.c.c.s.i.CourierDataListenerServiceImpl : Courier 1 close to Ortaköy MMM Migros with the distance19.13784754811564
2025-01-11T15:07:15.680+03:00  INFO 92760 --- [courier-tracking] [WebSocketClient-AsyncIO-8] m.c.c.s.i.CourierDataListenerServiceImpl : Courier 1 close to Caddebostan MMM Migros with the distance9.813432288323398
2025-01-11T15:07:15.680+03:00  INFO 92760 --- [courier-tracking] [WebSocketClient-AsyncIO-8] m.c.c.s.i.CourierDataListenerServiceImpl : Received message: {"time":"11/01/2025 15:07:15","courierId":1,"lat":40.924053997971946,"lng":29.16777619939699}
2025-01-11T15:07:16.691+03:00  INFO 92760 --- [courier-tracking] [WebSocketClient-AsyncIO-8] m.c.c.s.i.CourierDataListenerServiceImpl : Courier 5 close to Ataşehir MMM Migros with the distance8.958721689130353
2025-01-11T15:07:16.692+03:00  INFO 92760 --- [courier-tracking] [WebSocketClient-AsyncIO-8] m.c.c.s.i.CourierDataListenerServiceImpl : Courier 5 close to Novada MMM Migros with the distance8.727840782679921
2025-01-11T15:07:16.693+03:00  INFO 92760 --- [courier-tracking] [WebSocketClient-AsyncIO-8] m.c.c.s.i.CourierDataListenerServiceImpl : Courier 5 close to Beylikdüzü 5M Migros with the distance31.601752337348785
2025-01-11T15:07:16.693+03:00  INFO 92760 --- [courier-tracking] [WebSocketClient-AsyncIO-8] m.c.c.s.i.CourierDataListenerServiceImpl : Courier 5 close to Ortaköy MMM Migros with the distance2.8986250911551217
2025-01-11T15:07:16.693+03:00  INFO 92760 --- [courier-tracking] [WebSocketClient-AsyncIO-8] m.c.c.s.i.CourierDataListenerServiceImpl : Courier 5 close to Caddebostan MMM Migros with the distance7.984647625279269
2025-01-11T15:07:16.693+03:00  INFO 92760 --- [courier-tracking] [WebSocketClient-AsyncIO-8] m.c.c.s.i.CourierDataListenerServiceImpl : Received message: {"time":"11/01/2025 15:07:16","courierId":5,"lat":41.03072442152669,"lng":29.03055401647219}
2025-01-11T15:07:17.703+03:00  INFO 92760 --- [courier-tracking] [WebSocketClient-AsyncIO-8] m.c.c.s.i.CourierDataListenerServiceImpl : Courier 2 close to Ataşehir MMM Migros with the distance6.06895883913074
2025-01-11T15:07:17.704+03:00  INFO 92760 --- [courier-tracking] [WebSocketClient-AsyncIO-8] m.c.c.s.i.CourierDataListenerServiceImpl : Courier 2 close to Novada MMM Migros with the distance7.001932941087336
2025-01-11T15:07:17.704+03:00  INFO 92760 --- [courier-tracking] [WebSocketClient-AsyncIO-8] m.c.c.s.i.CourierDataListenerServiceImpl : Courier 2 close to Beylikdüzü 5M Migros with the distance44.86539465613903
2025-01-11T15:07:17.704+03:00  INFO 92760 --- [courier-tracking] [WebSocketClient-AsyncIO-8] m.c.c.s.i.CourierDataListenerServiceImpl : Courier 2 close to Ortaköy MMM Migros with the distance14.842614529871312
2025-01-11T15:07:17.704+03:00  INFO 92760 --- [courier-tracking] [WebSocketClient-AsyncIO-8] m.c.c.s.i.CourierDataListenerServiceImpl : Courier 2 close to Caddebostan MMM Migros with the distance12.127794176909031
2025-01-11T15:07:17.705+03:00  INFO 92760 --- [courier-tracking] [WebSocketClient-AsyncIO-8] m.c.c.s.i.CourierDataListenerServiceImpl : Received message: {"time":"11/01/2025 15:07:17","courierId":2,"lat":41.015658092436034,"lng":29.189807228253684}
2025-01-11T15:07:18.714+03:00  INFO 92760 --- [courier-tracking] [WebSocketClient-AsyncIO-8] m.c.c.s.i.CourierDataListenerServiceImpl : Courier 2 close to Ataşehir MMM Migros with the distance5.350387337939618
2025-01-11T15:07:18.715+03:00  INFO 92760 --- [courier-tracking] [WebSocketClient-AsyncIO-8] m.c.c.s.i.CourierDataListenerServiceImpl : Courier 2 close to Novada MMM Migros with the distance4.649925819135184
2025-01-11T15:07:18.715+03:00  INFO 92760 --- [courier-tracking] [WebSocketClient-AsyncIO-8] m.c.c.s.i.CourierDataListenerServiceImpl : Courier 2 close to Beylikdüzü 5M Migros with the distance39.580823873601915
2025-01-11T15:07:18.715+03:00  INFO 92760 --- [courier-tracking] [WebSocketClient-AsyncIO-8] m.c.c.s.i.CourierDataListenerServiceImpl : Courier 2 close to Ortaköy MMM Migros with the distance14.88872422567243
2025-01-11T15:07:18.715+03:00  INFO 92760 --- [courier-tracking] [WebSocketClient-AsyncIO-8] m.c.c.s.i.CourierDataListenerServiceImpl : Courier 2 close to Caddebostan MMM Migros with the distance5.1755042919431675
2025-01-11T15:07:18.715+03:00  INFO 92760 --- [courier-tracking] [WebSocketClient-AsyncIO-8] m.c.c.s.i.CourierDataListenerServiceImpl : Received message: {"time":"11/01/2025 15:07:18","courierId":2,"lat":40.94436206810263,"lng":29.1194192309961}
2025-01-11T15:07:19.728+03:00  INFO 92760 --- [courier-tracking] [WebSocketClient-AsyncIO-8] m.c.c.s.i.CourierDataListenerServiceImpl : Courier 1 close to Ataşehir MMM Migros with the distance3.622459356318332
2025-01-11T15:07:19.729+03:00  INFO 92760 --- [courier-tracking] [WebSocketClient-AsyncIO-8] m.c.c.s.i.CourierDataListenerServiceImpl : Courier 1 close to Novada MMM Migros with the distance2.816561823765112
2025-01-11T15:07:19.729+03:00  INFO 92760 --- [courier-tracking] [WebSocketClient-AsyncIO-8] m.c.c.s.i.CourierDataListenerServiceImpl : Courier 1 close to Beylikdüzü 5M Migros with the distance35.963155851331905
2025-01-11T15:07:19.729+03:00  INFO 92760 --- [courier-tracking] [WebSocketClient-AsyncIO-8] m.c.c.s.i.CourierDataListenerServiceImpl : Courier 1 close to Ortaköy MMM Migros with the distance9.507816475040164
2025-01-11T15:07:19.730+03:00  INFO 92760 --- [courier-tracking] [WebSocketClient-AsyncIO-8] m.c.c.s.i.CourierDataListenerServiceImpl : Courier 1 close to Caddebostan MMM Migros with the distance2.837580658822054
2025-01-11T15:07:19.730+03:00  INFO 92760 --- [courier-tracking] [WebSocketClient-AsyncIO-8] m.c.c.s.i.CourierDataListenerServiceImpl : Received message: {"time":"11/01/2025 15:07:19","courierId":1,"lat":40.98403887388456,"lng":29.0826863088051}
2025-01-11T15:07:20.740+03:00  INFO 92760 --- [courier-tracking] [WebSocketClient-AsyncIO-8] m.c.c.s.i.CourierDataListenerServiceImpl : Courier 1 close to Ataşehir MMM Migros with the distance10.924741691978287
2025-01-11T15:07:20.741+03:00  INFO 92760 --- [courier-tracking] [WebSocketClient-AsyncIO-8] m.c.c.s.i.CourierDataListenerServiceImpl : Courier 1 close to Novada MMM Migros with the distance11.799489825281592
2025-01-11T15:07:20.741+03:00  INFO 92760 --- [courier-tracking] [WebSocketClient-AsyncIO-8] m.c.c.s.i.CourierDataListenerServiceImpl : Courier 1 close to Beylikdüzü 5M Migros with the distance43.45918868442306
2025-01-11T15:07:20.741+03:00  INFO 92760 --- [courier-tracking] [WebSocketClient-AsyncIO-8] m.c.c.s.i.CourierDataListenerServiceImpl : Courier 1 close to Ortaköy MMM Migros with the distance12.342443912964233
2025-01-11T15:07:20.741+03:00  INFO 92760 --- [courier-tracking] [WebSocketClient-AsyncIO-8] m.c.c.s.i.CourierDataListenerServiceImpl : Courier 1 close to Caddebostan MMM Migros with the distance16.024993242902514
2025-01-11T15:07:20.741+03:00  INFO 92760 --- [courier-tracking] [WebSocketClient-AsyncIO-8] m.c.c.s.i.CourierDataListenerServiceImpl : Received message: {"time":"11/01/2025 15:07:20","courierId":1,"lat":41.08626431383073,"lng":29.162601832416204}
2025-01-11T15:07:21.741+03:00  INFO 92760 --- [courier-tracking] [WebSocketClient-AsyncIO-8] m.c.c.s.i.CourierDataListenerServiceImpl : Courier 2 close to Ataşehir MMM Migros with the distance9.7244276685643
2025-01-11T15:07:21.742+03:00  INFO 92760 --- [courier-tracking] [WebSocketClient-AsyncIO-8] m.c.c.s.i.CourierDataListenerServiceImpl : Courier 2 close to Novada MMM Migros with the distance8.817781523409705
2025-01-11T15:07:21.742+03:00  INFO 92760 --- [courier-tracking] [WebSocketClient-AsyncIO-8] m.c.c.s.i.CourierDataListenerServiceImpl : Courier 2 close to Beylikdüzü 5M Migros with the distance37.00431486604354
2025-01-11T15:07:21.742+03:00  INFO 92760 --- [courier-tracking] [WebSocketClient-AsyncIO-8] m.c.c.s.i.CourierDataListenerServiceImpl : Courier 2 close to Ortaköy MMM Migros with the distance16.653301963488058
2025-01-11T15:07:21.742+03:00  INFO 92760 --- [courier-tracking] [WebSocketClient-AsyncIO-8] m.c.c.s.i.CourierDataListenerServiceImpl : Courier 2 close to Caddebostan MMM Migros with the distance5.800447509720366
2025-01-11T15:07:21.743+03:00  INFO 92760 --- [courier-tracking] [WebSocketClient-AsyncIO-8] m.c.c.s.i.CourierDataListenerServiceImpl : Received message: {"time":"11/01/2025 15:07:21","courierId":2,"lat":40.91227885756043,"lng":29.077800278234065}
2025-01-11T15:07:22.745+03:00  INFO 92760 --- [courier-tracking] [WebSocketClient-AsyncIO-8] m.c.c.s.i.CourierDataListenerServiceImpl : Courier 3 close to Ataşehir MMM Migros with the distance9.290916183618524
2025-01-11T15:07:22.745+03:00  INFO 92760 --- [courier-tracking] [WebSocketClient-AsyncIO-8] m.c.c.s.i.CourierDataListenerServiceImpl : Courier 3 close to Novada MMM Migros with the distance10.253532090014719
2025-01-11T15:07:22.745+03:00  INFO 92760 --- [courier-tracking] [WebSocketClient-AsyncIO-8] m.c.c.s.i.CourierDataListenerServiceImpl : Courier 3 close to Beylikdüzü 5M Migros with the distance44.8811728278132
2025-01-11T15:07:22.745+03:00  INFO 92760 --- [courier-tracking] [WebSocketClient-AsyncIO-8] m.c.c.s.i.CourierDataListenerServiceImpl : Courier 3 close to Ortaköy MMM Migros with the distance13.786290320503419
2025-01-11T15:07:22.745+03:00  INFO 92760 --- [courier-tracking] [WebSocketClient-AsyncIO-8] m.c.c.s.i.CourierDataListenerServiceImpl : Courier 3 close to Caddebostan MMM Migros with the distance15.03374578846074
2025-01-11T15:07:22.746+03:00  INFO 92760 --- [courier-tracking] [WebSocketClient-AsyncIO-8] m.c.c.s.i.CourierDataListenerServiceImpl : Received message: {"time":"11/01/2025 15:07:22","courierId":3,"lat":41.062163586442054,"lng":29.185237747839082}
2025-01-11T15:07:23.747+03:00  INFO 92760 --- [courier-tracking] [WebSocketClient-AsyncIO-8] m.c.c.s.i.CourierDataListenerServiceImpl : Courier 2 close to Ataşehir MMM Migros with the distance7.527877696266935
2025-01-11T15:07:23.747+03:00  INFO 92760 --- [courier-tracking] [WebSocketClient-AsyncIO-8] m.c.c.s.i.CourierDataListenerServiceImpl : Courier 2 close to Novada MMM Migros with the distance8.06780807364371
2025-01-11T15:07:23.747+03:00  INFO 92760 --- [courier-tracking] [WebSocketClient-AsyncIO-8] m.c.c.s.i.CourierDataListenerServiceImpl : Courier 2 close to Beylikdüzü 5M Migros with the distance37.89554651066615
2025-01-11T15:07:23.747+03:00  INFO 92760 --- [courier-tracking] [WebSocketClient-AsyncIO-8] m.c.c.s.i.CourierDataListenerServiceImpl : Courier 2 close to Ortaköy MMM Migros with the distance6.784189143095638
2025-01-11T15:07:23.747+03:00  INFO 92760 --- [courier-tracking] [WebSocketClient-AsyncIO-8] m.c.c.s.i.CourierDataListenerServiceImpl : Courier 2 close to Caddebostan MMM Migros with the distance11.013056668131393
2025-01-11T15:07:23.747+03:00  INFO 92760 --- [courier-tracking] [WebSocketClient-AsyncIO-8] m.c.c.s.i.CourierDataListenerServiceImpl : Received message: {"time":"11/01/2025 15:07:23","courierId":2,"lat":41.05786217444601,"lng":29.101893267913276}
2025-01-11T15:07:24.761+03:00  INFO 92760 --- [courier-tracking] [WebSocketClient-AsyncIO-8] m.c.c.s.i.CourierDataListenerServiceImpl : Courier 2 close to Ataşehir MMM Migros with the distance11.65706958838847
2025-01-11T15:07:24.761+03:00  INFO 92760 --- [courier-tracking] [WebSocketClient-AsyncIO-8] m.c.c.s.i.CourierDataListenerServiceImpl : Courier 2 close to Novada MMM Migros with the distance10.693282129811278
2025-01-11T15:07:24.761+03:00  INFO 92760 --- [courier-tracking] [WebSocketClient-AsyncIO-8] m.c.c.s.i.CourierDataListenerServiceImpl : Courier 2 close to Beylikdüzü 5M Migros with the distance30.877774867490004
2025-01-11T15:07:24.761+03:00  INFO 92760 --- [courier-tracking] [WebSocketClient-AsyncIO-8] m.c.c.s.i.CourierDataListenerServiceImpl : Courier 2 close to Ortaköy MMM Migros with the distance13.672036998866854
2025-01-11T15:07:24.761+03:00  INFO 92760 --- [courier-tracking] [WebSocketClient-AsyncIO-8] m.c.c.s.i.CourierDataListenerServiceImpl : Courier 2 close to Caddebostan MMM Migros with the distance5.586611630714389
2025-01-11T15:07:24.761+03:00  INFO 92760 --- [courier-tracking] [WebSocketClient-AsyncIO-8] m.c.c.s.i.CourierDataListenerServiceImpl : Received message: {"time":"11/01/2025 15:07:24","courierId":2,"lat":40.933116720725856,"lng":29.00986071823596}
2025-01-11T15:07:25.776+03:00  INFO 92760 --- [courier-tracking] [WebSocketClient-AsyncIO-8] m.c.c.s.i.CourierDataListenerServiceImpl : Courier 3 close to Ataşehir MMM Migros with the distance6.973636488908851
2025-01-11T15:07:25.776+03:00  INFO 92760 --- [courier-tracking] [WebSocketClient-AsyncIO-8] m.c.c.s.i.CourierDataListenerServiceImpl : Courier 3 close to Novada MMM Migros with the distance6.944450144877668
2025-01-11T15:07:25.777+03:00  INFO 92760 --- [courier-tracking] [WebSocketClient-AsyncIO-8] m.c.c.s.i.CourierDataListenerServiceImpl : Courier 3 close to Beylikdüzü 5M Migros with the distance34.093034447965756
2025-01-11T15:07:25.777+03:00  INFO 92760 --- [courier-tracking] [WebSocketClient-AsyncIO-8] m.c.c.s.i.CourierDataListenerServiceImpl : Courier 3 close to Ortaköy MMM Migros with the distance4.2074691631150305
2025-01-11T15:07:25.777+03:00  INFO 92760 --- [courier-tracking] [WebSocketClient-AsyncIO-8] m.c.c.s.i.CourierDataListenerServiceImpl : Courier 3 close to Caddebostan MMM Migros with the distance7.664514474896854
2025-01-11T15:07:25.777+03:00  INFO 92760 --- [courier-tracking] [WebSocketClient-AsyncIO-8] m.c.c.s.i.CourierDataListenerServiceImpl : Received message: {"time":"11/01/2025 15:07:25","courierId":3,"lat":41.03214040312335,"lng":29.060200297010944}
2025-01-11T15:07:26.776+03:00  INFO 92760 --- [courier-tracking] [WebSocketClient-AsyncIO-8] m.c.c.s.i.CourierDataListenerServiceImpl : Courier 5 close to Ataşehir MMM Migros with the distance9.378060394510783
2025-01-11T15:07:26.776+03:00  INFO 92760 --- [courier-tracking] [WebSocketClient-AsyncIO-8] m.c.c.s.i.CourierDataListenerServiceImpl : Courier 5 close to Novada MMM Migros with the distance9.247386905833874
2025-01-11T15:07:26.777+03:00  INFO 92760 --- [courier-tracking] [WebSocketClient-AsyncIO-8] m.c.c.s.i.CourierDataListenerServiceImpl : Courier 5 close to Beylikdüzü 5M Migros with the distance31.850784786938785
2025-01-11T15:07:26.777+03:00  INFO 92760 --- [courier-tracking] [WebSocketClient-AsyncIO-8] m.c.c.s.i.CourierDataListenerServiceImpl : Courier 5 close to Ortaköy MMM Migros with the distance1.983441856906729
2025-01-11T15:07:26.777+03:00  INFO 92760 --- [courier-tracking] [WebSocketClient-AsyncIO-8] m.c.c.s.i.CourierDataListenerServiceImpl : Courier 5 close to Caddebostan MMM Migros with the distance8.92805794332997
2025-01-11T15:07:26.777+03:00  INFO 92760 --- [courier-tracking] [WebSocketClient-AsyncIO-8] m.c.c.s.i.CourierDataListenerServiceImpl : Received message: {"time":"11/01/2025 15:07:26","courierId":5,"lat":41.040103603057354,"lng":29.032306537276995}
2025-01-11T15:07:27.777+03:00  INFO 92760 --- [courier-tracking] [WebSocketClient-AsyncIO-8] m.c.c.s.i.CourierDataListenerServiceImpl : Courier 1 close to Ataşehir MMM Migros with the distance8.95825483268572
2025-01-11T15:07:27.777+03:00  INFO 92760 --- [courier-tracking] [WebSocketClient-AsyncIO-8] m.c.c.s.i.CourierDataListenerServiceImpl : Courier 1 close to Novada MMM Migros with the distance8.063691934388538
2025-01-11T15:07:27.777+03:00  INFO 92760 --- [courier-tracking] [WebSocketClient-AsyncIO-8] m.c.c.s.i.CourierDataListenerServiceImpl : Courier 1 close to Beylikdüzü 5M Migros with the distance37.352289529478675
2025-01-11T15:07:27.777+03:00  INFO 92760 --- [courier-tracking] [WebSocketClient-AsyncIO-8] m.c.c.s.i.CourierDataListenerServiceImpl : Courier 1 close to Ortaköy MMM Migros with the distance16.241367252933575
2025-01-11T15:07:27.777+03:00  INFO 92760 --- [courier-tracking] [WebSocketClient-AsyncIO-8] m.c.c.s.i.CourierDataListenerServiceImpl : Courier 1 close to Caddebostan MMM Migros with the distance5.3633925273607455
2025-01-11T15:07:27.777+03:00  INFO 92760 --- [courier-tracking] [WebSocketClient-AsyncIO-8] m.c.c.s.i.CourierDataListenerServiceImpl : Received message: {"time":"11/01/2025 15:07:27","courierId":1,"lat":40.91771929665607,"lng":29.084181723886246}
2025-01-11T15:07:28.779+03:00  INFO 92760 --- [courier-tracking] [WebSocketClient-AsyncIO-8] m.c.c.s.i.CourierDataListenerServiceImpl : Courier 1 close to Ataşehir MMM Migros with the distance7.261880264546016
2025-01-11T15:07:28.780+03:00  INFO 92760 --- [courier-tracking] [WebSocketClient-AsyncIO-8] m.c.c.s.i.CourierDataListenerServiceImpl : Courier 1 close to Novada MMM Migros with the distance8.243288996849817
2025-01-11T15:07:28.780+03:00  INFO 92760 --- [courier-tracking] [WebSocketClient-AsyncIO-8] m.c.c.s.i.CourierDataListenerServiceImpl : Courier 1 close to Beylikdüzü 5M Migros with the distance44.53731813979179
2025-01-11T15:07:28.780+03:00  INFO 92760 --- [courier-tracking] [WebSocketClient-AsyncIO-8] m.c.c.s.i.CourierDataListenerServiceImpl : Courier 1 close to Ortaköy MMM Migros with the distance13.815348578878178
2025-01-11T15:07:28.780+03:00  INFO 92760 --- [courier-tracking] [WebSocketClient-AsyncIO-8] m.c.c.s.i.CourierDataListenerServiceImpl : Courier 1 close to Caddebostan MMM Migros with the distance13.242059456613337
2025-01-11T15:07:28.781+03:00  INFO 92760 --- [courier-tracking] [WebSocketClient-AsyncIO-8] m.c.c.s.i.CourierDataListenerServiceImpl : Received message: {"time":"11/01/2025 15:07:28","courierId":1,"lat":41.039456796551335,"lng":29.184345257170914}
2025-01-11T15:07:29.794+03:00  INFO 92760 --- [courier-tracking] [WebSocketClient-AsyncIO-8] m.c.c.s.i.CourierDataListenerServiceImpl : Courier 5 close to Ataşehir MMM Migros with the distance7.39680150845534
2025-01-11T15:07:29.795+03:00  INFO 92760 --- [courier-tracking] [WebSocketClient-AsyncIO-8] m.c.c.s.i.CourierDataListenerServiceImpl : Courier 5 close to Novada MMM Migros with the distance7.766582374842769
2025-01-11T15:07:29.795+03:00  INFO 92760 --- [courier-tracking] [WebSocketClient-AsyncIO-8] m.c.c.s.i.CourierDataListenerServiceImpl : Courier 5 close to Beylikdüzü 5M Migros with the distance36.4423992224347
2025-01-11T15:07:29.795+03:00  INFO 92760 --- [courier-tracking] [WebSocketClient-AsyncIO-8] m.c.c.s.i.CourierDataListenerServiceImpl : Courier 5 close to Ortaköy MMM Migros with the distance5.421836588304544
2025-01-11T15:07:29.795+03:00  INFO 92760 --- [courier-tracking] [WebSocketClient-AsyncIO-8] m.c.c.s.i.CourierDataListenerServiceImpl : Courier 5 close to Caddebostan MMM Migros with the distance10.04838363184551
2025-01-11T15:07:29.795+03:00  INFO 92760 --- [courier-tracking] [WebSocketClient-AsyncIO-8] m.c.c.s.i.CourierDataListenerServiceImpl : Received message: {"time":"11/01/2025 15:07:29","courierId":5,"lat":41.05201777938404,"lng":29.085496337310445}
2025-01-11T15:07:30.807+03:00  INFO 92760 --- [courier-tracking] [WebSocketClient-AsyncIO-8] m.c.c.s.i.CourierDataListenerServiceImpl : Courier 5 close to Ataşehir MMM Migros with the distance3.093637823272683
2025-01-11T15:07:30.808+03:00  INFO 92760 --- [courier-tracking] [WebSocketClient-AsyncIO-8] m.c.c.s.i.CourierDataListenerServiceImpl : Courier 5 close to Novada MMM Migros with the distance3.6372119046038796
2025-01-11T15:07:30.808+03:00  INFO 92760 --- [courier-tracking] [WebSocketClient-AsyncIO-8] m.c.c.s.i.CourierDataListenerServiceImpl : Courier 5 close to Beylikdüzü 5M Migros with the distance42.38500210943088
2025-01-11T15:07:30.808+03:00  INFO 92760 --- [courier-tracking] [WebSocketClient-AsyncIO-8] m.c.c.s.i.CourierDataListenerServiceImpl : Courier 5 close to Ortaköy MMM Migros with the distance14.122703521729433
2025-01-11T15:07:30.808+03:00  INFO 92760 --- [courier-tracking] [WebSocketClient-AsyncIO-8] m.c.c.s.i.CourierDataListenerServiceImpl : Courier 5 close to Caddebostan MMM Migros with the distance8.381235449885699
2025-01-11T15:07:30.809+03:00  INFO 92760 --- [courier-tracking] [WebSocketClient-AsyncIO-8] m.c.c.s.i.CourierDataListenerServiceImpl : Received message: {"time":"11/01/2025 15:07:30","courierId":5,"lat":40.98334819825763,"lng":29.159306465715378}
2025-01-11T15:07:31.815+03:00  INFO 92760 --- [courier-tracking] [WebSocketClient-AsyncIO-8] m.c.c.s.i.CourierDataListenerServiceImpl : Courier 4 close to Ataşehir MMM Migros with the distance10.931500795896051
2025-01-11T15:07:31.816+03:00  INFO 92760 --- [courier-tracking] [WebSocketClient-AsyncIO-8] m.c.c.s.i.CourierDataListenerServiceImpl : Courier 4 close to Novada MMM Migros with the distance11.404206729655733
2025-01-11T15:07:31.816+03:00  INFO 92760 --- [courier-tracking] [WebSocketClient-AsyncIO-8] m.c.c.s.i.CourierDataListenerServiceImpl : Courier 4 close to Beylikdüzü 5M Migros with the distance36.974834044517806
2025-01-11T15:07:31.816+03:00  INFO 92760 --- [courier-tracking] [WebSocketClient-AsyncIO-8] m.c.c.s.i.CourierDataListenerServiceImpl : Courier 4 close to Ortaköy MMM Migros with the distance6.203420501666867
2025-01-11T15:07:31.816+03:00  INFO 92760 --- [courier-tracking] [WebSocketClient-AsyncIO-8] m.c.c.s.i.CourierDataListenerServiceImpl : Courier 4 close to Caddebostan MMM Migros with the distance13.720491644842795
2025-01-11T15:07:31.816+03:00  INFO 92760 --- [courier-tracking] [WebSocketClient-AsyncIO-8] m.c.c.s.i.CourierDataListenerServiceImpl : Received message: {"time":"11/01/2025 15:07:31","courierId":4,"lat":41.08567196195224,"lng":29.083513120550247}
2025-01-11T15:07:32.828+03:00  INFO 92760 --- [courier-tracking] [WebSocketClient-AsyncIO-8] m.c.c.s.i.CourierDataListenerServiceImpl : Courier 4 close to Ataşehir MMM Migros with the distance7.037061347179654
2025-01-11T15:07:32.828+03:00  INFO 92760 --- [courier-tracking] [WebSocketClient-AsyncIO-8] m.c.c.s.i.CourierDataListenerServiceImpl : Courier 4 close to Novada MMM Migros with the distance6.921018608014317
2025-01-11T15:07:32.828+03:00  INFO 92760 --- [courier-tracking] [WebSocketClient-AsyncIO-8] m.c.c.s.i.CourierDataListenerServiceImpl : Courier 4 close to Beylikdüzü 5M Migros with the distance43.961656680595645
2025-01-11T15:07:32.828+03:00  INFO 92760 --- [courier-tracking] [WebSocketClient-AsyncIO-8] m.c.c.s.i.CourierDataListenerServiceImpl : Courier 4 close to Ortaköy MMM Migros with the distance18.033087818312882
2025-01-11T15:07:32.829+03:00  INFO 92760 --- [courier-tracking] [WebSocketClient-AsyncIO-8] m.c.c.s.i.CourierDataListenerServiceImpl : Courier 4 close to Caddebostan MMM Migros with the distance9.454638974863192
2025-01-11T15:07:32.829+03:00  INFO 92760 --- [courier-tracking] [WebSocketClient-AsyncIO-8] m.c.c.s.i.CourierDataListenerServiceImpl : Received message: {"time":"11/01/2025 15:07:32","courierId":4,"lat":40.93989014433487,"lng":29.171340211744923}
2025-01-11T15:07:33.471+03:00  INFO 92760 --- [courier-tracking] [SpringApplicationShutdownHook] o.s.b.w.e.tomcat.GracefulShutdown        : Commencing graceful shutdown. Waiting for active requests to complete
2025-01-11T15:07:33.480+03:00  INFO 92760 --- [courier-tracking] [tomcat-shutdown] o.s.b.w.e.tomcat.GracefulShutdown        : Graceful shutdown complete
