2025-01-11T15:40:39.191+03:00  INFO 96060 --- [courier-tracking] [restartedMain] c.m.c.CourierTrackingApplication         : Starting CourierTrackingApplication using Java 21.0.5 with PID 96060 (C:\Dev\Spring Boot Applications\courier-tracking\courier-tracking\target\classes started by ural_ in C:\Dev\Spring Boot Applications\courier-tracking\courier-tracking)
2025-01-11T15:40:39.195+03:00  INFO 96060 --- [courier-tracking] [restartedMain] c.m.c.CourierTrackingApplication         : No active profile set, falling back to 1 default profile: "default"
2025-01-11T15:40:39.300+03:00  INFO 96060 --- [courier-tracking] [restartedMain] .e.DevToolsPropertyDefaultsPostProcessor : Devtools property defaults active! Set 'spring.devtools.add-properties' to 'false' to disable
2025-01-11T15:40:39.301+03:00  INFO 96060 --- [courier-tracking] [restartedMain] .e.DevToolsPropertyDefaultsPostProcessor : For additional web related logging consider setting the 'logging.level.web' property to 'DEBUG'
2025-01-11T15:40:41.288+03:00  INFO 96060 --- [courier-tracking] [restartedMain] o.s.b.w.embedded.tomcat.TomcatWebServer  : Tomcat initialized with port 8080 (http)
2025-01-11T15:40:41.317+03:00  INFO 96060 --- [courier-tracking] [restartedMain] o.apache.catalina.core.StandardService   : Starting service [Tomcat]
2025-01-11T15:40:41.318+03:00  INFO 96060 --- [courier-tracking] [restartedMain] o.apache.catalina.core.StandardEngine    : Starting Servlet engine: [Apache Tomcat/10.1.34]
2025-01-11T15:40:41.388+03:00  INFO 96060 --- [courier-tracking] [restartedMain] o.a.c.c.C.[Tomcat].[localhost].[/]       : Initializing Spring embedded WebApplicationContext
2025-01-11T15:40:41.389+03:00  INFO 96060 --- [courier-tracking] [restartedMain] w.s.c.ServletWebServerApplicationContext : Root WebApplicationContext: initialization completed in 2086 ms
2025-01-11T15:40:41.811+03:00  INFO 96060 --- [courier-tracking] [restartedMain] o.s.v.b.OptionalValidatorFactoryBean     : Failed to set up a Bean Validation provider: jakarta.validation.NoProviderFoundException: Unable to create a Configuration, because no Jakarta Bean Validation provider could be found. Add a provider like Hibernate Validator (RI) to your classpath.
2025-01-11T15:40:42.426+03:00  INFO 96060 --- [courier-tracking] [restartedMain] o.s.b.d.a.OptionalLiveReloadServer       : LiveReload server is running on port 35729
2025-01-11T15:40:42.487+03:00  INFO 96060 --- [courier-tracking] [restartedMain] o.s.b.w.embedded.tomcat.TomcatWebServer  : Tomcat started on port 8080 (http) with context path '/'
2025-01-11T15:40:42.505+03:00  INFO 96060 --- [courier-tracking] [restartedMain] c.m.c.CourierTrackingApplication         : Started CourierTrackingApplication in 4.263 seconds (process running for 5.313)
2025-01-11T15:40:43.549+03:00  INFO 96060 --- [courier-tracking] [WebSocketClient-AsyncIO-8] m.c.c.s.i.CourierDataListenerServiceImpl : Courier 5 close to Ataşehir MMM Migros with the distance 5.787289561295136
2025-01-11T15:40:43.550+03:00  INFO 96060 --- [courier-tracking] [WebSocketClient-AsyncIO-8] m.c.c.s.i.CourierDataListenerServiceImpl : Courier 5 close to Novada MMM Migros with the distance 5.345954744474172
2025-01-11T15:40:43.550+03:00  INFO 96060 --- [courier-tracking] [WebSocketClient-AsyncIO-8] m.c.c.s.i.CourierDataListenerServiceImpl : Courier 5 close to Beylikdüzü 5M Migros with the distance 41.393266398264764
2025-01-11T15:40:43.551+03:00  INFO 96060 --- [courier-tracking] [WebSocketClient-AsyncIO-8] m.c.c.s.i.CourierDataListenerServiceImpl : Courier 5 close to Ortaköy MMM Migros with the distance 16.175643832607204
2025-01-11T15:40:43.551+03:00  INFO 96060 --- [courier-tracking] [WebSocketClient-AsyncIO-8] m.c.c.s.i.CourierDataListenerServiceImpl : Courier 5 close to Caddebostan MMM Migros with the distance 6.943675918639968
2025-01-11T15:40:43.552+03:00  INFO 96060 --- [courier-tracking] [WebSocketClient-AsyncIO-8] m.c.c.s.i.CourierDataListenerServiceImpl : Received message: {"time":"11/01/2025 15:40:43","courierId":5,"lat":40.941760954530274,"lng":29.1407249541092}
2025-01-11T15:40:44.473+03:00  INFO 96060 --- [courier-tracking] [WebSocketClient-AsyncIO-8] m.c.c.s.i.CourierDataListenerServiceImpl : Courier 4 close to Ataşehir MMM Migros with the distance 9.355506599178224
2025-01-11T15:40:44.474+03:00  INFO 96060 --- [courier-tracking] [WebSocketClient-AsyncIO-8] m.c.c.s.i.CourierDataListenerServiceImpl : Courier 4 close to Novada MMM Migros with the distance 8.49455543161537
2025-01-11T15:40:44.474+03:00  INFO 96060 --- [courier-tracking] [WebSocketClient-AsyncIO-8] m.c.c.s.i.CourierDataListenerServiceImpl : Courier 4 close to Beylikdüzü 5M Migros with the distance 30.78837283046413
2025-01-11T15:40:44.475+03:00  INFO 96060 --- [courier-tracking] [WebSocketClient-AsyncIO-8] m.c.c.s.i.CourierDataListenerServiceImpl : Courier 4 close to Ortaköy MMM Migros with the distance 9.892690069610811
2025-01-11T15:40:44.475+03:00  INFO 96060 --- [courier-tracking] [WebSocketClient-AsyncIO-8] m.c.c.s.i.CourierDataListenerServiceImpl : Courier 4 close to Caddebostan MMM Migros with the distance 3.7892436185773466
2025-01-11T15:40:44.475+03:00  INFO 96060 --- [courier-tracking] [WebSocketClient-AsyncIO-8] m.c.c.s.i.CourierDataListenerServiceImpl : Received message: {"time":"11/01/2025 15:40:44","courierId":4,"lat":40.96684127573258,"lng":29.01821343733936}
2025-01-11T15:40:45.473+03:00  INFO 96060 --- [courier-tracking] [WebSocketClient-AsyncIO-8] m.c.c.s.i.CourierDataListenerServiceImpl : Courier 5 close to Ataşehir MMM Migros with the distance 3.9659024138794203
2025-01-11T15:40:45.474+03:00  INFO 96060 --- [courier-tracking] [WebSocketClient-AsyncIO-8] m.c.c.s.i.CourierDataListenerServiceImpl : Courier 5 close to Novada MMM Migros with the distance 3.0871014040400047
2025-01-11T15:40:45.474+03:00  INFO 96060 --- [courier-tracking] [WebSocketClient-AsyncIO-8] m.c.c.s.i.CourierDataListenerServiceImpl : Courier 5 close to Beylikdüzü 5M Migros with the distance 38.260837844407035
2025-01-11T15:40:45.474+03:00  INFO 96060 --- [courier-tracking] [WebSocketClient-AsyncIO-8] m.c.c.s.i.CourierDataListenerServiceImpl : Courier 5 close to Ortaköy MMM Migros with the distance 12.9156886311167
2025-01-11T15:40:45.474+03:00  INFO 96060 --- [courier-tracking] [WebSocketClient-AsyncIO-8] m.c.c.s.i.CourierDataListenerServiceImpl : Courier 5 close to Caddebostan MMM Migros with the distance 3.686919769115865
2025-01-11T15:40:45.475+03:00  INFO 96060 --- [courier-tracking] [WebSocketClient-AsyncIO-8] m.c.c.s.i.CourierDataListenerServiceImpl : Received message: {"time":"11/01/2025 15:40:45","courierId":5,"lat":40.95927483150341,"lng":29.106682711761437}
2025-01-11T15:40:46.482+03:00  INFO 96060 --- [courier-tracking] [WebSocketClient-AsyncIO-8] m.c.c.s.i.CourierDataListenerServiceImpl : Courier 2 close to Ataşehir MMM Migros with the distance 4.625047590079472
2025-01-11T15:40:46.482+03:00  INFO 96060 --- [courier-tracking] [WebSocketClient-AsyncIO-8] m.c.c.s.i.CourierDataListenerServiceImpl : Courier 2 close to Novada MMM Migros with the distance 4.98174371546912
2025-01-11T15:40:46.482+03:00  INFO 96060 --- [courier-tracking] [WebSocketClient-AsyncIO-8] m.c.c.s.i.CourierDataListenerServiceImpl : Courier 2 close to Beylikdüzü 5M Migros with the distance 43.58065634694063
2025-01-11T15:40:46.482+03:00  INFO 96060 --- [courier-tracking] [WebSocketClient-AsyncIO-8] m.c.c.s.i.CourierDataListenerServiceImpl : Courier 2 close to Ortaköy MMM Migros with the distance 15.758793367037656
2025-01-11T15:40:46.483+03:00  INFO 96060 --- [courier-tracking] [WebSocketClient-AsyncIO-8] m.c.c.s.i.CourierDataListenerServiceImpl : Courier 2 close to Caddebostan MMM Migros with the distance 9.228223367414072
2025-01-11T15:40:46.483+03:00  INFO 96060 --- [courier-tracking] [WebSocketClient-AsyncIO-8] m.c.c.s.i.CourierDataListenerServiceImpl : Received message: {"time":"11/01/2025 15:40:46","courierId":2,"lat":40.971884741398576,"lng":29.172404401983894}
2025-01-11T15:40:47.494+03:00  INFO 96060 --- [courier-tracking] [WebSocketClient-AsyncIO-8] m.c.c.s.i.CourierDataListenerServiceImpl : Courier 5 close to Ataşehir MMM Migros with the distance 11.214829968213822
2025-01-11T15:40:47.495+03:00  INFO 96060 --- [courier-tracking] [WebSocketClient-AsyncIO-8] m.c.c.s.i.CourierDataListenerServiceImpl : Courier 5 close to Novada MMM Migros with the distance 10.235900990644895
2025-01-11T15:40:47.495+03:00  INFO 96060 --- [courier-tracking] [WebSocketClient-AsyncIO-8] m.c.c.s.i.CourierDataListenerServiceImpl : Courier 5 close to Beylikdüzü 5M Migros with the distance 32.16651943752786
2025-01-11T15:40:47.495+03:00  INFO 96060 --- [courier-tracking] [WebSocketClient-AsyncIO-8] m.c.c.s.i.CourierDataListenerServiceImpl : Courier 5 close to Ortaköy MMM Migros with the distance 14.38274007790974
2025-01-11T15:40:47.496+03:00  INFO 96060 --- [courier-tracking] [WebSocketClient-AsyncIO-8] m.c.c.s.i.CourierDataListenerServiceImpl : Courier 5 close to Caddebostan MMM Migros with the distance 5.283190585961952
2025-01-11T15:40:47.496+03:00  INFO 96060 --- [courier-tracking] [WebSocketClient-AsyncIO-8] m.c.c.s.i.CourierDataListenerServiceImpl : Received message: {"time":"11/01/2025 15:40:47","courierId":5,"lat":40.926447275676324,"lng":29.023300764453957}
2025-01-11T15:40:48.509+03:00  INFO 96060 --- [courier-tracking] [WebSocketClient-AsyncIO-8] m.c.c.s.i.CourierDataListenerServiceImpl : Courier 5 close to Ataşehir MMM Migros with the distance 7.849517710720401
2025-01-11T15:40:48.509+03:00  INFO 96060 --- [courier-tracking] [WebSocketClient-AsyncIO-8] m.c.c.s.i.CourierDataListenerServiceImpl : Courier 5 close to Novada MMM Migros with the distance 7.256901034348923
2025-01-11T15:40:48.509+03:00  INFO 96060 --- [courier-tracking] [WebSocketClient-AsyncIO-8] m.c.c.s.i.CourierDataListenerServiceImpl : Courier 5 close to Beylikdüzü 5M Migros with the distance 41.14314469655618
2025-01-11T15:40:48.510+03:00  INFO 96060 --- [courier-tracking] [WebSocketClient-AsyncIO-8] m.c.c.s.i.CourierDataListenerServiceImpl : Courier 5 close to Ortaköy MMM Migros with the distance 17.56253352487623
2025-01-11T15:40:48.510+03:00  INFO 96060 --- [courier-tracking] [WebSocketClient-AsyncIO-8] m.c.c.s.i.CourierDataListenerServiceImpl : Courier 5 close to Caddebostan MMM Migros with the distance 7.400162733767659
2025-01-11T15:40:48.510+03:00  INFO 96060 --- [courier-tracking] [WebSocketClient-AsyncIO-8] m.c.c.s.i.CourierDataListenerServiceImpl : Received message: {"time":"11/01/2025 15:40:48","courierId":5,"lat":40.92198414474476,"lng":29.13221746461196}
2025-01-11T15:40:49.510+03:00  INFO 96060 --- [courier-tracking] [WebSocketClient-AsyncIO-8] m.c.c.s.i.CourierDataListenerServiceImpl : Courier 3 close to Ataşehir MMM Migros with the distance 11.742442061882448
2025-01-11T15:40:49.511+03:00  INFO 96060 --- [courier-tracking] [WebSocketClient-AsyncIO-8] m.c.c.s.i.CourierDataListenerServiceImpl : Courier 3 close to Novada MMM Migros with the distance 11.583137961868884
2025-01-11T15:40:49.511+03:00  INFO 96060 --- [courier-tracking] [WebSocketClient-AsyncIO-8] m.c.c.s.i.CourierDataListenerServiceImpl : Courier 3 close to Beylikdüzü 5M Migros with the distance 29.956213089654856
2025-01-11T15:40:49.511+03:00  INFO 96060 --- [courier-tracking] [WebSocketClient-AsyncIO-8] m.c.c.s.i.CourierDataListenerServiceImpl : Courier 3 close to Ortaköy MMM Migros with the distance 1.2713398299413112
2025-01-11T15:40:49.511+03:00  INFO 96060 --- [courier-tracking] [WebSocketClient-AsyncIO-8] m.c.c.s.i.CourierDataListenerServiceImpl : Courier 3 close to Caddebostan MMM Migros with the distance 10.760765537414482
2025-01-11T15:40:49.512+03:00  INFO 96060 --- [courier-tracking] [WebSocketClient-AsyncIO-8] m.c.c.s.i.CourierDataListenerServiceImpl : Received message: {"time":"11/01/2025 15:40:49","courierId":3,"lat":41.05048804330706,"lng":29.007591406029604}
2025-01-11T15:40:50.527+03:00  INFO 96060 --- [courier-tracking] [WebSocketClient-AsyncIO-8] m.c.c.s.i.CourierDataListenerServiceImpl : Courier 4 close to Ataşehir MMM Migros with the distance 9.067573763197178
2025-01-11T15:40:50.527+03:00  INFO 96060 --- [courier-tracking] [WebSocketClient-AsyncIO-8] m.c.c.s.i.CourierDataListenerServiceImpl : Courier 4 close to Novada MMM Migros with the distance 8.091637654708201
2025-01-11T15:40:50.527+03:00  INFO 96060 --- [courier-tracking] [WebSocketClient-AsyncIO-8] m.c.c.s.i.CourierDataListenerServiceImpl : Courier 4 close to Beylikdüzü 5M Migros with the distance 34.73634651736063
2025-01-11T15:40:50.528+03:00  INFO 96060 --- [courier-tracking] [WebSocketClient-AsyncIO-8] m.c.c.s.i.CourierDataListenerServiceImpl : Courier 4 close to Ortaköy MMM Migros with the distance 14.375853424378118
2025-01-11T15:40:50.528+03:00  INFO 96060 --- [courier-tracking] [WebSocketClient-AsyncIO-8] m.c.c.s.i.CourierDataListenerServiceImpl : Courier 4 close to Caddebostan MMM Migros with the distance 3.8291571378855513
2025-01-11T15:40:50.528+03:00  INFO 96060 --- [courier-tracking] [WebSocketClient-AsyncIO-8] m.c.c.s.i.CourierDataListenerServiceImpl : Received message: {"time":"11/01/2025 15:40:50","courierId":4,"lat":40.92922555257091,"lng":29.05602826580836}
2025-01-11T15:40:51.538+03:00  INFO 96060 --- [courier-tracking] [WebSocketClient-AsyncIO-8] m.c.c.s.i.CourierDataListenerServiceImpl : Courier 5 close to Ataşehir MMM Migros with the distance 9.785405303365161
2025-01-11T15:40:51.539+03:00  INFO 96060 --- [courier-tracking] [WebSocketClient-AsyncIO-8] m.c.c.s.i.CourierDataListenerServiceImpl : Courier 5 close to Novada MMM Migros with the distance 9.1013663310925
2025-01-11T15:40:51.539+03:00  INFO 96060 --- [courier-tracking] [WebSocketClient-AsyncIO-8] m.c.c.s.i.CourierDataListenerServiceImpl : Courier 5 close to Beylikdüzü 5M Migros with the distance 29.6475115011007
2025-01-11T15:40:51.540+03:00  INFO 96060 --- [courier-tracking] [WebSocketClient-AsyncIO-8] m.c.c.s.i.CourierDataListenerServiceImpl : Courier 5 close to Ortaköy MMM Migros with the distance 7.334629369031423
2025-01-11T15:40:51.540+03:00  INFO 96060 --- [courier-tracking] [WebSocketClient-AsyncIO-8] m.c.c.s.i.CourierDataListenerServiceImpl : Courier 5 close to Caddebostan MMM Migros with the distance 5.5438136366516115
2025-01-11T15:40:51.540+03:00  INFO 96060 --- [courier-tracking] [WebSocketClient-AsyncIO-8] m.c.c.s.i.CourierDataListenerServiceImpl : Received message: {"time":"11/01/2025 15:40:51","courierId":5,"lat":40.990573974687635,"lng":29.007857098648874}
2025-01-11T15:40:52.552+03:00  INFO 96060 --- [courier-tracking] [WebSocketClient-AsyncIO-8] m.c.c.s.i.CourierDataListenerServiceImpl : Courier 5 close to Ataşehir MMM Migros with the distance 6.973664156824444
2025-01-11T15:40:52.553+03:00  INFO 96060 --- [courier-tracking] [WebSocketClient-AsyncIO-8] m.c.c.s.i.CourierDataListenerServiceImpl : Courier 5 close to Novada MMM Migros with the distance 6.437815074563275
2025-01-11T15:40:52.553+03:00  INFO 96060 --- [courier-tracking] [WebSocketClient-AsyncIO-8] m.c.c.s.i.CourierDataListenerServiceImpl : Courier 5 close to Beylikdüzü 5M Migros with the distance 32.48271392842879
2025-01-11T15:40:52.553+03:00  INFO 96060 --- [courier-tracking] [WebSocketClient-AsyncIO-8] m.c.c.s.i.CourierDataListenerServiceImpl : Courier 5 close to Ortaköy MMM Migros with the distance 6.27024097355632
2025-01-11T15:40:52.554+03:00  INFO 96060 --- [courier-tracking] [WebSocketClient-AsyncIO-8] m.c.c.s.i.CourierDataListenerServiceImpl : Courier 5 close to Caddebostan MMM Migros with the distance 4.6211608133083715
2025-01-11T15:40:52.554+03:00  INFO 96060 --- [courier-tracking] [WebSocketClient-AsyncIO-8] m.c.c.s.i.CourierDataListenerServiceImpl : Received message: {"time":"11/01/2025 15:40:52","courierId":5,"lat":41.001716432265816,"lng":29.04226337364249}
2025-01-11T15:40:53.562+03:00  INFO 96060 --- [courier-tracking] [WebSocketClient-AsyncIO-8] m.c.c.s.i.CourierDataListenerServiceImpl : Courier 3 close to Ataşehir MMM Migros with the distance 8.053226090729671
2025-01-11T15:40:53.563+03:00  INFO 96060 --- [courier-tracking] [WebSocketClient-AsyncIO-8] m.c.c.s.i.CourierDataListenerServiceImpl : Courier 3 close to Novada MMM Migros with the distance 8.907320587192801
2025-01-11T15:40:53.563+03:00  INFO 96060 --- [courier-tracking] [WebSocketClient-AsyncIO-8] m.c.c.s.i.CourierDataListenerServiceImpl : Courier 3 close to Beylikdüzü 5M Migros with the distance 41.76245574243212
2025-01-11T15:40:53.563+03:00  INFO 96060 --- [courier-tracking] [WebSocketClient-AsyncIO-8] m.c.c.s.i.CourierDataListenerServiceImpl : Courier 3 close to Ortaköy MMM Migros with the distance 10.638047679710649
2025-01-11T15:40:53.564+03:00  INFO 96060 --- [courier-tracking] [WebSocketClient-AsyncIO-8] m.c.c.s.i.CourierDataListenerServiceImpl : Courier 3 close to Caddebostan MMM Migros with the distance 13.128075027754887
2025-01-11T15:40:53.564+03:00  INFO 96060 --- [courier-tracking] [WebSocketClient-AsyncIO-8] m.c.c.s.i.CourierDataListenerServiceImpl : Received message: {"time":"11/01/2025 15:40:53","courierId":3,"lat":41.06261593000054,"lng":29.147583555997517}
2025-01-11T15:40:54.579+03:00  INFO 96060 --- [courier-tracking] [WebSocketClient-AsyncIO-8] m.c.c.s.i.CourierDataListenerServiceImpl : Courier 4 close to Ataşehir MMM Migros with the distance 6.874914586100629
2025-01-11T15:40:54.579+03:00  INFO 96060 --- [courier-tracking] [WebSocketClient-AsyncIO-8] m.c.c.s.i.CourierDataListenerServiceImpl : Courier 4 close to Novada MMM Migros with the distance 6.191973367862073
2025-01-11T15:40:54.579+03:00  INFO 96060 --- [courier-tracking] [WebSocketClient-AsyncIO-8] m.c.c.s.i.CourierDataListenerServiceImpl : Courier 4 close to Beylikdüzü 5M Migros with the distance 32.55723450730278
2025-01-11T15:40:54.580+03:00  INFO 96060 --- [courier-tracking] [WebSocketClient-AsyncIO-8] m.c.c.s.i.CourierDataListenerServiceImpl : Courier 4 close to Ortaköy MMM Migros with the distance 7.511190943176741
2025-01-11T15:40:54.580+03:00  INFO 96060 --- [courier-tracking] [WebSocketClient-AsyncIO-8] m.c.c.s.i.CourierDataListenerServiceImpl : Courier 4 close to Caddebostan MMM Migros with the distance 3.458859169988895
2025-01-11T15:40:54.580+03:00  INFO 96060 --- [courier-tracking] [WebSocketClient-AsyncIO-8] m.c.c.s.i.CourierDataListenerServiceImpl : Received message: {"time":"11/01/2025 15:40:54","courierId":4,"lat":40.99021528824601,"lng":29.04255933716039}
2025-01-11T15:40:55.594+03:00  INFO 96060 --- [courier-tracking] [WebSocketClient-AsyncIO-8] m.c.c.s.i.CourierDataListenerServiceImpl : Courier 1 close to Ataşehir MMM Migros with the distance 11.421752861776373
2025-01-11T15:40:55.594+03:00  INFO 96060 --- [courier-tracking] [WebSocketClient-AsyncIO-8] m.c.c.s.i.CourierDataListenerServiceImpl : Courier 1 close to Novada MMM Migros with the distance 11.955576540279809
2025-01-11T15:40:55.595+03:00  INFO 96060 --- [courier-tracking] [WebSocketClient-AsyncIO-8] m.c.c.s.i.CourierDataListenerServiceImpl : Courier 1 close to Beylikdüzü 5M Migros with the distance 37.803377337715716
2025-01-11T15:40:55.595+03:00  INFO 96060 --- [courier-tracking] [WebSocketClient-AsyncIO-8] m.c.c.s.i.CourierDataListenerServiceImpl : Courier 1 close to Ortaköy MMM Migros with the distance 7.157776663318492
2025-01-11T15:40:55.595+03:00  INFO 96060 --- [courier-tracking] [WebSocketClient-AsyncIO-8] m.c.c.s.i.CourierDataListenerServiceImpl : Courier 1 close to Caddebostan MMM Migros with the distance 14.517504633077587
2025-01-11T15:40:55.595+03:00  INFO 96060 --- [courier-tracking] [WebSocketClient-AsyncIO-8] m.c.c.s.i.CourierDataListenerServiceImpl : Received message: {"time":"11/01/2025 15:40:55","courierId":1,"lat":41.09202150984859,"lng":29.091601720212076}
2025-01-11T15:40:56.594+03:00  INFO 96060 --- [courier-tracking] [WebSocketClient-AsyncIO-8] m.c.c.s.i.CourierDataListenerServiceImpl : Courier 2 close to Ataşehir MMM Migros with the distance 12.269814956627224
2025-01-11T15:40:56.594+03:00  INFO 96060 --- [courier-tracking] [WebSocketClient-AsyncIO-8] m.c.c.s.i.CourierDataListenerServiceImpl : Courier 2 close to Novada MMM Migros with the distance 11.290772591204046
2025-01-11T15:40:56.594+03:00  INFO 96060 --- [courier-tracking] [WebSocketClient-AsyncIO-8] m.c.c.s.i.CourierDataListenerServiceImpl : Courier 2 close to Beylikdüzü 5M Migros with the distance 33.15327365219497
2025-01-11T15:40:56.594+03:00  INFO 96060 --- [courier-tracking] [WebSocketClient-AsyncIO-8] m.c.c.s.i.CourierDataListenerServiceImpl : Courier 2 close to Ortaköy MMM Migros with the distance 16.310022876000236
2025-01-11T15:40:56.595+03:00  INFO 96060 --- [courier-tracking] [WebSocketClient-AsyncIO-8] m.c.c.s.i.CourierDataListenerServiceImpl : Courier 2 close to Caddebostan MMM Migros with the distance 6.680495472676226
2025-01-11T15:40:56.595+03:00  INFO 96060 --- [courier-tracking] [WebSocketClient-AsyncIO-8] m.c.c.s.i.CourierDataListenerServiceImpl : Received message: {"time":"11/01/2025 15:40:56","courierId":2,"lat":40.9092072289629,"lng":29.028337275720514}
2025-01-11T15:40:57.607+03:00  INFO 96060 --- [courier-tracking] [WebSocketClient-AsyncIO-8] m.c.c.s.i.CourierDataListenerServiceImpl : Courier 3 close to Ataşehir MMM Migros with the distance 5.683015645517108
2025-01-11T15:40:57.607+03:00  INFO 96060 --- [courier-tracking] [WebSocketClient-AsyncIO-8] m.c.c.s.i.CourierDataListenerServiceImpl : Courier 3 close to Novada MMM Migros with the distance 6.664626830255663
2025-01-11T15:40:57.607+03:00  INFO 96060 --- [courier-tracking] [WebSocketClient-AsyncIO-8] m.c.c.s.i.CourierDataListenerServiceImpl : Courier 3 close to Beylikdüzü 5M Migros with the distance 43.50138242571808
2025-01-11T15:40:57.608+03:00  INFO 96060 --- [courier-tracking] [WebSocketClient-AsyncIO-8] m.c.c.s.i.CourierDataListenerServiceImpl : Courier 3 close to Ortaköy MMM Migros with the distance 13.111991966398051
2025-01-11T15:40:57.608+03:00  INFO 96060 --- [courier-tracking] [WebSocketClient-AsyncIO-8] m.c.c.s.i.CourierDataListenerServiceImpl : Courier 3 close to Caddebostan MMM Migros with the distance 11.69749286148253
2025-01-11T15:40:57.608+03:00  INFO 96060 --- [courier-tracking] [WebSocketClient-AsyncIO-8] m.c.c.s.i.CourierDataListenerServiceImpl : Received message: {"time":"11/01/2025 15:40:57","courierId":3,"lat":41.027974368867575,"lng":29.172963068974333}
2025-01-11T15:40:58.607+03:00  INFO 96060 --- [courier-tracking] [WebSocketClient-AsyncIO-8] m.c.c.s.i.CourierDataListenerServiceImpl : Courier 5 close to Ataşehir MMM Migros with the distance 9.895453531747416
2025-01-11T15:40:58.607+03:00  INFO 96060 --- [courier-tracking] [WebSocketClient-AsyncIO-8] m.c.c.s.i.CourierDataListenerServiceImpl : Courier 5 close to Novada MMM Migros with the distance 9.139941046744905
2025-01-11T15:40:58.608+03:00  INFO 96060 --- [courier-tracking] [WebSocketClient-AsyncIO-8] m.c.c.s.i.CourierDataListenerServiceImpl : Courier 5 close to Beylikdüzü 5M Migros with the distance 39.809085440169
2025-01-11T15:40:58.608+03:00  INFO 96060 --- [courier-tracking] [WebSocketClient-AsyncIO-8] m.c.c.s.i.CourierDataListenerServiceImpl : Courier 5 close to Ortaköy MMM Migros with the distance 18.42859812125243
2025-01-11T15:40:58.608+03:00  INFO 96060 --- [courier-tracking] [WebSocketClient-AsyncIO-8] m.c.c.s.i.CourierDataListenerServiceImpl : Courier 5 close to Caddebostan MMM Migros with the distance 7.643726630682076
2025-01-11T15:40:58.608+03:00  INFO 96060 --- [courier-tracking] [WebSocketClient-AsyncIO-8] m.c.c.s.i.CourierDataListenerServiceImpl : Received message: {"time":"11/01/2025 15:40:58","courierId":5,"lat":40.90406653911857,"lng":29.10938514044159}
2025-01-11T15:40:59.488+03:00  INFO 96060 --- [courier-tracking] [SpringApplicationShutdownHook] o.s.b.w.e.tomcat.GracefulShutdown        : Commencing graceful shutdown. Waiting for active requests to complete
2025-01-11T15:40:59.497+03:00  INFO 96060 --- [courier-tracking] [tomcat-shutdown] o.s.b.w.e.tomcat.GracefulShutdown        : Graceful shutdown complete
